<?xml version="1.0" encoding="UTF-8"?>
<testng-results ignored="0" total="2" passed="2" failed="0" skipped="0">
  <reporter-output>
  </reporter-output>
  <suite started-at="2022-06-28T15:51:02 IST" name="Suite" finished-at="2022-06-28T15:51:17 IST" duration-ms="14868">
    <groups>
    </groups>
    <test started-at="2022-06-28T15:51:02 IST" name="Test_chrome" finished-at="2022-06-28T15:51:10 IST" duration-ms="7490">
      <class name="com.Test.verifyLoginTest">
        <test-method is-config="true" signature="setup(java.lang.String)[pri:0, instance:com.Test.verifyLoginTest@3de8f619]" started-at="2022-06-28T15:51:02 IST" name="setup" finished-at="2022-06-28T15:51:06 IST" duration-ms="3232" status="PASS">
          <params>
            <param index="0">
              <value>
                <![CDATA[chrome]]>
              </value>
            </param>
          </params>
          <reporter-output>
          </reporter-output>
        </test-method> <!-- setup -->
        <test-method signature="verify_tc_01_loginWithValidCredentials()[pri:0, instance:com.Test.verifyLoginTest@3de8f619]" started-at="2022-06-28T15:51:06 IST" name="verify_tc_01_loginWithValidCredentials" finished-at="2022-06-28T15:51:06 IST" duration-ms="391" status="PASS">
          <reporter-output>
          </reporter-output>
        </test-method> <!-- verify_tc_01_loginWithValidCredentials -->
        <test-method is-config="true" signature="tearDown()[pri:0, instance:com.Test.verifyLoginTest@3de8f619]" started-at="2022-06-28T15:51:09 IST" name="tearDown" finished-at="2022-06-28T15:51:10 IST" duration-ms="459" status="PASS">
          <reporter-output>
          </reporter-output>
        </test-method> <!-- tearDown -->
      </class> <!-- com.Test.verifyLoginTest -->
    </test> <!-- Test_chrome -->
    <test started-at="2022-06-28T15:51:11 IST" name="Test_edge" finished-at="2022-06-28T15:51:17 IST" duration-ms="6707">
      <class name="com.Test.verifyLoginTest">
        <test-method is-config="true" signature="initilizationSetUp()[pri:0, instance:com.Test.verifyLoginTest@5a5a729f]" started-at="2022-06-28T15:51:02 IST" name="initilizationSetUp" finished-at="2022-06-28T15:51:02 IST" duration-ms="483" status="PASS">
          <reporter-output>
          </reporter-output>
        </test-method> <!-- initilizationSetUp -->
        <test-method is-config="true" signature="setup(java.lang.String)[pri:0, instance:com.Test.verifyLoginTest@5a5a729f]" started-at="2022-06-28T15:51:11 IST" name="setup" finished-at="2022-06-28T15:51:14 IST" duration-ms="2903" status="PASS">
          <params>
            <param index="0">
              <value>
                <![CDATA[edge]]>
              </value>
            </param>
          </params>
          <reporter-output>
          </reporter-output>
        </test-method> <!-- setup -->
        <test-method signature="verify_tc_01_loginWithValidCredentials()[pri:0, instance:com.Test.verifyLoginTest@5a5a729f]" started-at="2022-06-28T15:51:14 IST" name="verify_tc_01_loginWithValidCredentials" finished-at="2022-06-28T15:51:14 IST" duration-ms="371" status="PASS">
          <reporter-output>
          </reporter-output>
        </test-method> <!-- verify_tc_01_loginWithValidCredentials -->
        <test-method is-config="true" signature="tearDown()[pri:0, instance:com.Test.verifyLoginTest@5a5a729f]" started-at="2022-06-28T15:51:17 IST" name="tearDown" finished-at="2022-06-28T15:51:17 IST" duration-ms="256" status="PASS">
          <reporter-output>
          </reporter-output>
        </test-method> <!-- tearDown -->
      </class> <!-- com.Test.verifyLoginTest -->
    </test> <!-- Test_edge -->
  </suite> <!-- Suite -->
</testng-results>
